<?xml version="1.0" encoding="UTF-8"?>
<coverage generated="1744880630237" clover="3.2.0">
  <project timestamp="1744880630237" name="All files">
    <metrics statements="560" coveredstatements="67" conditionals="324" coveredconditionals="26" methods="301" coveredmethods="20" elements="1185" coveredelements="113" complexity="0" loc="560" ncloc="560" packages="12" files="37" classes="37"/>
    <package name="src">
      <metrics statements="3" coveredstatements="0" conditionals="0" coveredconditionals="0" methods="0" coveredmethods="0"/>
      <file name="index.js" path="/Users/fernandoduarte/Brown Dropbox/Fernando Duarte/Teaching/ECON1500/2025 Spring/Modules/The Rise of China/Solow game/argon-dashboard-react-master/src/index.js">
        <metrics statements="2" coveredstatements="0" conditionals="0" coveredconditionals="0" methods="0" coveredmethods="0"/>
        <line num="29" count="0" type="stmt"/>
        <line num="31" count="0" type="stmt"/>
      </file>
      <file name="routes.js" path="/Users/fernandoduarte/Brown Dropbox/Fernando Duarte/Teaching/ECON1500/2025 Spring/Modules/The Rise of China/Solow game/argon-dashboard-react-master/src/routes.js">
        <metrics statements="1" coveredstatements="0" conditionals="0" coveredconditionals="0" methods="0" coveredmethods="0"/>
        <line num="26" count="0" type="stmt"/>
      </file>
    </package>
    <package name="src.components.Footers">
      <metrics statements="4" coveredstatements="0" conditionals="0" coveredconditionals="0" methods="2" coveredmethods="0"/>
      <file name="AdminFooter.js" path="/Users/fernandoduarte/Brown Dropbox/Fernando Duarte/Teaching/ECON1500/2025 Spring/Modules/The Rise of China/Solow game/argon-dashboard-react-master/src/components/Footers/AdminFooter.js">
        <metrics statements="2" coveredstatements="0" conditionals="0" coveredconditionals="0" methods="1" coveredmethods="0"/>
        <line num="23" count="0" type="stmt"/>
        <line num="24" count="0" type="stmt"/>
      </file>
      <file name="AuthFooter.js" path="/Users/fernandoduarte/Brown Dropbox/Fernando Duarte/Teaching/ECON1500/2025 Spring/Modules/The Rise of China/Solow game/argon-dashboard-react-master/src/components/Footers/AuthFooter.js">
        <metrics statements="2" coveredstatements="0" conditionals="0" coveredconditionals="0" methods="1" coveredmethods="0"/>
        <line num="23" count="0" type="stmt"/>
        <line num="24" count="0" type="stmt"/>
      </file>
    </package>
    <package name="src.components.Game">
      <metrics statements="55" coveredstatements="55" conditionals="23" coveredconditionals="21" methods="19" coveredmethods="19"/>
      <file name="BreakingNewsBanner.js" path="/Users/fernandoduarte/Brown Dropbox/Fernando Duarte/Teaching/ECON1500/2025 Spring/Modules/The Rise of China/Solow game/argon-dashboard-react-master/src/components/Game/BreakingNewsBanner.js">
        <metrics statements="3" coveredstatements="3" conditionals="0" coveredconditionals="0" methods="1" coveredmethods="1"/>
        <line num="13" count="1" type="stmt"/>
        <line num="14" count="3" type="stmt"/>
        <line num="40" count="1" type="stmt"/>
      </file>
      <file name="ConsumptionSavingsChart.js" path="/Users/fernandoduarte/Brown Dropbox/Fernando Duarte/Teaching/ECON1500/2025 Spring/Modules/The Rise of China/Solow game/argon-dashboard-react-master/src/components/Game/ConsumptionSavingsChart.js">
        <metrics statements="4" coveredstatements="4" conditionals="0" coveredconditionals="0" methods="1" coveredmethods="1"/>
        <line num="16" count="1" type="stmt"/>
        <line num="17" count="2" type="stmt"/>
        <line num="29" count="2" type="stmt"/>
        <line num="44" count="1" type="stmt"/>
      </file>
      <file name="CountdownTimer.js" path="/Users/fernandoduarte/Brown Dropbox/Fernando Duarte/Teaching/ECON1500/2025 Spring/Modules/The Rise of China/Solow game/argon-dashboard-react-master/src/components/Game/CountdownTimer.js">
        <metrics statements="18" coveredstatements="18" conditionals="6" coveredconditionals="5" methods="5" coveredmethods="5"/>
        <line num="15" count="1" type="stmt"/>
        <line num="16" count="5" type="stmt"/>
        <line num="17" count="5" type="stmt"/>
        <line num="19" count="5" type="stmt"/>
        <line num="21" count="5" type="stmt"/>
        <line num="22" count="5" type="stmt"/>
        <line num="23" count="5" type="cond" truecount="4" falsecount="0"/>
        <line num="24" count="1" type="stmt"/>
        <line num="25" count="1" type="stmt"/>
        <line num="26" count="1" type="cond" truecount="1" falsecount="1"/>
        <line num="29" count="3" type="stmt"/>
        <line num="30" count="3" type="stmt"/>
        <line num="31" count="3" type="stmt"/>
        <line num="34" count="5" type="stmt"/>
        <line num="35" count="5" type="stmt"/>
        <line num="36" count="5" type="stmt"/>
        <line num="38" count="5" type="stmt"/>
        <line num="53" count="1" type="stmt"/>
      </file>
      <file name="EconomicStats.js" path="/Users/fernandoduarte/Brown Dropbox/Fernando Duarte/Teaching/ECON1500/2025 Spring/Modules/The Rise of China/Solow game/argon-dashboard-react-master/src/components/Game/EconomicStats.js">
        <metrics statements="8" coveredstatements="8" conditionals="6" coveredconditionals="6" methods="5" coveredmethods="5"/>
        <line num="21" count="1" type="stmt"/>
        <line num="32" count="3" type="stmt"/>
        <line num="35" count="9" type="stmt"/>
        <line num="36" count="3" type="cond" truecount="2" falsecount="0"/>
        <line num="37" count="3" type="cond" truecount="2" falsecount="0"/>
        <line num="38" count="3" type="cond" truecount="2" falsecount="0"/>
        <line num="40" count="3" type="stmt"/>
        <line num="78" count="1" type="stmt"/>
      </file>
      <file name="ExchangeRateButtons.js" path="/Users/fernandoduarte/Brown Dropbox/Fernando Duarte/Teaching/ECON1500/2025 Spring/Modules/The Rise of China/Solow game/argon-dashboard-react-master/src/components/Game/ExchangeRateButtons.js">
        <metrics statements="6" coveredstatements="6" conditionals="3" coveredconditionals="2" methods="3" coveredmethods="3"/>
        <line num="14" count="1" type="stmt"/>
        <line num="16" count="1" type="cond" truecount="0" falsecount="1"/>
        <line num="17" count="3" type="stmt"/>
        <line num="20" count="9" type="stmt"/>
        <line num="23" count="1" type="stmt"/>
        <line num="36" count="1" type="stmt"/>
      </file>
      <file name="GDPGrowthChart.js" path="/Users/fernandoduarte/Brown Dropbox/Fernando Duarte/Teaching/ECON1500/2025 Spring/Modules/The Rise of China/Solow game/argon-dashboard-react-master/src/components/Game/GDPGrowthChart.js">
        <metrics statements="4" coveredstatements="4" conditionals="0" coveredconditionals="0" methods="1" coveredmethods="1"/>
        <line num="16" count="1" type="stmt"/>
        <line num="17" count="2" type="stmt"/>
        <line num="33" count="2" type="stmt"/>
        <line num="48" count="1" type="stmt"/>
      </file>
      <file name="SavingsRateSlider.js" path="/Users/fernandoduarte/Brown Dropbox/Fernando Duarte/Teaching/ECON1500/2025 Spring/Modules/The Rise of China/Solow game/argon-dashboard-react-master/src/components/Game/SavingsRateSlider.js">
        <metrics statements="8" coveredstatements="8" conditionals="4" coveredconditionals="4" methods="2" coveredmethods="2"/>
        <line num="16" count="1" type="stmt"/>
        <line num="18" count="4" type="stmt"/>
        <line num="19" count="5" type="stmt"/>
        <line num="20" count="5" type="cond" truecount="2" falsecount="0"/>
        <line num="21" count="5" type="cond" truecount="2" falsecount="0"/>
        <line num="22" count="5" type="stmt"/>
        <line num="25" count="4" type="stmt"/>
        <line num="45" count="1" type="stmt"/>
      </file>
      <file name="TradeBalanceChart.js" path="/Users/fernandoduarte/Brown Dropbox/Fernando Duarte/Teaching/ECON1500/2025 Spring/Modules/The Rise of China/Solow game/argon-dashboard-react-master/src/components/Game/TradeBalanceChart.js">
        <metrics statements="4" coveredstatements="4" conditionals="4" coveredconditionals="4" methods="1" coveredmethods="1"/>
        <line num="16" count="1" type="stmt"/>
        <line num="17" count="2" type="stmt"/>
        <line num="32" count="2" type="stmt"/>
        <line num="47" count="1" type="stmt"/>
      </file>
    </package>
    <package name="src.components.Headers">
      <metrics statements="5" coveredstatements="0" conditionals="0" coveredconditionals="0" methods="3" coveredmethods="0"/>
      <file name="Header.js" path="/Users/fernandoduarte/Brown Dropbox/Fernando Duarte/Teaching/ECON1500/2025 Spring/Modules/The Rise of China/Solow game/argon-dashboard-react-master/src/components/Headers/Header.js">
        <metrics statements="2" coveredstatements="0" conditionals="0" coveredconditionals="0" methods="1" coveredmethods="0"/>
        <line num="22" count="0" type="stmt"/>
        <line num="23" count="0" type="stmt"/>
      </file>
      <file name="UserHeader.js" path="/Users/fernandoduarte/Brown Dropbox/Fernando Duarte/Teaching/ECON1500/2025 Spring/Modules/The Rise of China/Solow game/argon-dashboard-react-master/src/components/Headers/UserHeader.js">
        <metrics statements="3" coveredstatements="0" conditionals="0" coveredconditionals="0" methods="2" coveredmethods="0"/>
        <line num="22" count="0" type="stmt"/>
        <line num="23" count="0" type="stmt"/>
        <line num="49" count="0" type="stmt"/>
      </file>
    </package>
    <package name="src.components.Navbars">
      <metrics statements="5" coveredstatements="0" conditionals="0" coveredconditionals="0" methods="3" coveredmethods="0"/>
      <file name="AdminNavbar.js" path="/Users/fernandoduarte/Brown Dropbox/Fernando Duarte/Teaching/ECON1500/2025 Spring/Modules/The Rise of China/Solow game/argon-dashboard-react-master/src/components/Navbars/AdminNavbar.js">
        <metrics statements="3" coveredstatements="0" conditionals="0" coveredconditionals="0" methods="2" coveredmethods="0"/>
        <line num="37" count="0" type="stmt"/>
        <line num="38" count="0" type="stmt"/>
        <line num="98" count="0" type="stmt"/>
      </file>
      <file name="AuthNavbar.js" path="/Users/fernandoduarte/Brown Dropbox/Fernando Duarte/Teaching/ECON1500/2025 Spring/Modules/The Rise of China/Solow game/argon-dashboard-react-master/src/components/Navbars/AuthNavbar.js">
        <metrics statements="2" coveredstatements="0" conditionals="0" coveredconditionals="0" methods="1" coveredmethods="0"/>
        <line num="32" count="0" type="stmt"/>
        <line num="33" count="0" type="stmt"/>
      </file>
    </package>
    <package name="src.components.Sidebar">
      <metrics statements="20" coveredstatements="0" conditionals="16" coveredconditionals="0" methods="8" coveredmethods="0"/>
      <file name="Sidebar.js" path="/Users/fernandoduarte/Brown Dropbox/Fernando Duarte/Teaching/ECON1500/2025 Spring/Modules/The Rise of China/Solow game/argon-dashboard-react-master/src/components/Sidebar/Sidebar.js">
        <metrics statements="20" coveredstatements="0" conditionals="16" coveredconditionals="0" methods="8" coveredmethods="0"/>
        <line num="57" count="0" type="stmt"/>
        <line num="58" count="0" type="stmt"/>
        <line num="60" count="0" type="stmt"/>
        <line num="61" count="0" type="cond" truecount="0" falsecount="2"/>
        <line num="64" count="0" type="stmt"/>
        <line num="65" count="0" type="stmt"/>
        <line num="68" count="0" type="stmt"/>
        <line num="69" count="0" type="stmt"/>
        <line num="72" count="0" type="stmt"/>
        <line num="73" count="0" type="stmt"/>
        <line num="74" count="0" type="stmt"/>
        <line num="89" count="0" type="stmt"/>
        <line num="91" count="0" type="cond" truecount="0" falsecount="4"/>
        <line num="92" count="0" type="stmt"/>
        <line num="96" count="0" type="cond" truecount="0" falsecount="4"/>
        <line num="97" count="0" type="stmt"/>
        <line num="103" count="0" type="stmt"/>
        <line num="177" count="0" type="stmt"/>
        <line num="271" count="0" type="stmt"/>
        <line num="275" count="0" type="stmt"/>
      </file>
    </package>
    <package name="src.hooks">
      <metrics statements="4" coveredstatements="0" conditionals="0" coveredconditionals="0" methods="4" coveredmethods="0"/>
      <file name="useBreakingNews.js" path="/Users/fernandoduarte/Brown Dropbox/Fernando Duarte/Teaching/ECON1500/2025 Spring/Modules/The Rise of China/Solow game/argon-dashboard-react-master/src/hooks/useBreakingNews.js">
        <metrics statements="1" coveredstatements="0" conditionals="0" coveredconditionals="0" methods="1" coveredmethods="0"/>
        <line num="7" count="0" type="stmt"/>
      </file>
      <file name="useDecision.js" path="/Users/fernandoduarte/Brown Dropbox/Fernando Duarte/Teaching/ECON1500/2025 Spring/Modules/The Rise of China/Solow game/argon-dashboard-react-master/src/hooks/useDecision.js">
        <metrics statements="1" coveredstatements="0" conditionals="0" coveredconditionals="0" methods="1" coveredmethods="0"/>
        <line num="7" count="0" type="stmt"/>
      </file>
      <file name="useGameState.js" path="/Users/fernandoduarte/Brown Dropbox/Fernando Duarte/Teaching/ECON1500/2025 Spring/Modules/The Rise of China/Solow game/argon-dashboard-react-master/src/hooks/useGameState.js">
        <metrics statements="1" coveredstatements="0" conditionals="0" coveredconditionals="0" methods="1" coveredmethods="0"/>
        <line num="7" count="0" type="stmt"/>
      </file>
      <file name="useTimer.js" path="/Users/fernandoduarte/Brown Dropbox/Fernando Duarte/Teaching/ECON1500/2025 Spring/Modules/The Rise of China/Solow game/argon-dashboard-react-master/src/hooks/useTimer.js">
        <metrics statements="1" coveredstatements="0" conditionals="0" coveredconditionals="0" methods="1" coveredmethods="0"/>
        <line num="7" count="0" type="stmt"/>
      </file>
    </package>
    <package name="src.layouts">
      <metrics statements="35" coveredstatements="0" conditionals="6" coveredconditionals="0" methods="11" coveredmethods="0"/>
      <file name="Admin.js" path="/Users/fernandoduarte/Brown Dropbox/Fernando Duarte/Teaching/ECON1500/2025 Spring/Modules/The Rise of China/Solow game/argon-dashboard-react-master/src/layouts/Admin.js">
        <metrics statements="18" coveredstatements="0" conditionals="4" coveredconditionals="0" methods="5" coveredmethods="0"/>
        <line num="29" count="0" type="stmt"/>
        <line num="30" count="0" type="stmt"/>
        <line num="31" count="0" type="stmt"/>
        <line num="33" count="0" type="stmt"/>
        <line num="34" count="0" type="stmt"/>
        <line num="35" count="0" type="stmt"/>
        <line num="36" count="0" type="stmt"/>
        <line num="39" count="0" type="stmt"/>
        <line num="40" count="0" type="stmt"/>
        <line num="41" count="0" type="cond" truecount="0" falsecount="2"/>
        <line num="42" count="0" type="stmt"/>
        <line num="46" count="0" type="stmt"/>
        <line num="51" count="0" type="stmt"/>
        <line num="52" count="0" type="stmt"/>
        <line num="53" count="0" type="cond" truecount="0" falsecount="2"/>
        <line num="57" count="0" type="stmt"/>
        <line num="60" count="0" type="stmt"/>
        <line num="63" count="0" type="stmt"/>
      </file>
      <file name="Auth.js" path="/Users/fernandoduarte/Brown Dropbox/Fernando Duarte/Teaching/ECON1500/2025 Spring/Modules/The Rise of China/Solow game/argon-dashboard-react-master/src/layouts/Auth.js">
        <metrics statements="17" coveredstatements="0" conditionals="2" coveredconditionals="0" methods="6" coveredmethods="0"/>
        <line num="29" count="0" type="stmt"/>
        <line num="30" count="0" type="stmt"/>
        <line num="31" count="0" type="stmt"/>
        <line num="33" count="0" type="stmt"/>
        <line num="34" count="0" type="stmt"/>
        <line num="35" count="0" type="stmt"/>
        <line num="36" count="0" type="stmt"/>
        <line num="39" count="0" type="stmt"/>
        <line num="40" count="0" type="stmt"/>
        <line num="41" count="0" type="stmt"/>
        <line num="42" count="0" type="stmt"/>
        <line num="45" count="0" type="stmt"/>
        <line num="46" count="0" type="stmt"/>
        <line num="47" count="0" type="cond" truecount="0" falsecount="2"/>
        <line num="48" count="0" type="stmt"/>
        <line num="52" count="0" type="stmt"/>
        <line num="57" count="0" type="stmt"/>
      </file>
    </package>
    <package name="src.providers">
      <metrics statements="37" coveredstatements="0" conditionals="0" coveredconditionals="0" methods="9" coveredmethods="0"/>
      <file name="BreakingNewsProvider.js" path="/Users/fernandoduarte/Brown Dropbox/Fernando Duarte/Teaching/ECON1500/2025 Spring/Modules/The Rise of China/Solow game/argon-dashboard-react-master/src/providers/BreakingNewsProvider.js">
        <metrics statements="7" coveredstatements="0" conditionals="0" coveredconditionals="0" methods="2" coveredmethods="0"/>
        <line num="6" count="0" type="stmt"/>
        <line num="12" count="0" type="stmt"/>
        <line num="13" count="0" type="stmt"/>
        <line num="14" count="0" type="stmt"/>
        <line num="15" count="0" type="stmt"/>
        <line num="17" count="0" type="stmt"/>
        <line num="21" count="0" type="stmt"/>
      </file>
      <file name="DecisionProvider.js" path="/Users/fernandoduarte/Brown Dropbox/Fernando Duarte/Teaching/ECON1500/2025 Spring/Modules/The Rise of China/Solow game/argon-dashboard-react-master/src/providers/DecisionProvider.js">
        <metrics statements="15" coveredstatements="0" conditionals="0" coveredconditionals="0" methods="4" coveredmethods="0"/>
        <line num="6" count="0" type="stmt"/>
        <line num="12" count="0" type="stmt"/>
        <line num="13" count="0" type="stmt"/>
        <line num="14" count="0" type="stmt"/>
        <line num="15" count="0" type="stmt"/>
        <line num="17" count="0" type="stmt"/>
        <line num="18" count="0" type="stmt"/>
        <line num="19" count="0" type="stmt"/>
        <line num="21" count="0" type="stmt"/>
        <line num="22" count="0" type="stmt"/>
        <line num="23" count="0" type="stmt"/>
        <line num="27" count="0" type="stmt"/>
        <line num="28" count="0" type="stmt"/>
        <line num="29" count="0" type="stmt"/>
        <line num="32" count="0" type="stmt"/>
      </file>
      <file name="GameStateProvider.js" path="/Users/fernandoduarte/Brown Dropbox/Fernando Duarte/Teaching/ECON1500/2025 Spring/Modules/The Rise of China/Solow game/argon-dashboard-react-master/src/providers/GameStateProvider.js">
        <metrics statements="8" coveredstatements="0" conditionals="0" coveredconditionals="0" methods="2" coveredmethods="0"/>
        <line num="6" count="0" type="stmt"/>
        <line num="12" count="0" type="stmt"/>
        <line num="13" count="0" type="stmt"/>
        <line num="14" count="0" type="stmt"/>
        <line num="15" count="0" type="stmt"/>
        <line num="16" count="0" type="stmt"/>
        <line num="18" count="0" type="stmt"/>
        <line num="22" count="0" type="stmt"/>
      </file>
      <file name="TimerProvider.js" path="/Users/fernandoduarte/Brown Dropbox/Fernando Duarte/Teaching/ECON1500/2025 Spring/Modules/The Rise of China/Solow game/argon-dashboard-react-master/src/providers/TimerProvider.js">
        <metrics statements="7" coveredstatements="0" conditionals="0" coveredconditionals="0" methods="1" coveredmethods="0"/>
        <line num="6" count="0" type="stmt"/>
        <line num="12" count="0" type="stmt"/>
        <line num="13" count="0" type="stmt"/>
        <line num="14" count="0" type="stmt"/>
        <line num="15" count="0" type="stmt"/>
        <line num="16" count="0" type="stmt"/>
        <line num="20" count="0" type="stmt"/>
      </file>
      <file name="index.js" path="/Users/fernandoduarte/Brown Dropbox/Fernando Duarte/Teaching/ECON1500/2025 Spring/Modules/The Rise of China/Solow game/argon-dashboard-react-master/src/providers/index.js">
        <metrics statements="0" coveredstatements="0" conditionals="0" coveredconditionals="0" methods="0" coveredmethods="0"/>
      </file>
    </package>
    <package name="src.variables">
      <metrics statements="118" coveredstatements="12" conditionals="62" coveredconditionals="5" methods="13" coveredmethods="1"/>
      <file name="charts.js" path="/Users/fernandoduarte/Brown Dropbox/Fernando Duarte/Teaching/ECON1500/2025 Spring/Modules/The Rise of China/Solow game/argon-dashboard-react-master/src/variables/charts.js">
        <metrics statements="118" coveredstatements="12" conditionals="62" coveredconditionals="5" methods="13" coveredmethods="1"/>
        <line num="18" count="3" type="stmt"/>
        <line num="24" count="3" type="stmt"/>
        <line num="25" count="0" type="stmt"/>
        <line num="26" count="0" type="stmt"/>
        <line num="28" count="0" type="stmt"/>
        <line num="31" count="0" type="stmt"/>
        <line num="33" count="0" type="cond" truecount="0" falsecount="2"/>
        <line num="35" count="0" type="stmt"/>
        <line num="36" count="0" type="stmt"/>
        <line num="37" count="0" type="stmt"/>
        <line num="38" count="0" type="stmt"/>
        <line num="39" count="0" type="stmt"/>
        <line num="40" count="0" type="cond" truecount="0" falsecount="2"/>
        <line num="41" count="0" type="cond" truecount="0" falsecount="2"/>
        <line num="44" count="0" type="stmt"/>
        <line num="45" count="0" type="stmt"/>
        <line num="46" count="0" type="stmt"/>
        <line num="47" count="0" type="stmt"/>
        <line num="48" count="0" type="cond" truecount="0" falsecount="2"/>
        <line num="49" count="0" type="stmt"/>
        <line num="50" count="0" type="cond" truecount="0" falsecount="2"/>
        <line num="55" count="0" type="cond" truecount="0" falsecount="2"/>
        <line num="57" count="0" type="stmt"/>
        <line num="58" count="0" type="cond" truecount="0" falsecount="2"/>
        <line num="59" count="0" type="stmt"/>
        <line num="61" count="0" type="cond" truecount="0" falsecount="2"/>
        <line num="63" count="0" type="cond" truecount="0" falsecount="2"/>
        <line num="64" count="0" type="cond" truecount="0" falsecount="2"/>
        <line num="66" count="0" type="cond" truecount="0" falsecount="2"/>
        <line num="68" count="0" type="cond" truecount="0" falsecount="2"/>
        <line num="69" count="0" type="stmt"/>
        <line num="70" count="0" type="stmt"/>
        <line num="73" count="0" type="cond" truecount="0" falsecount="2"/>
        <line num="74" count="0" type="stmt"/>
        <line num="75" count="0" type="stmt"/>
        <line num="79" count="0" type="stmt"/>
        <line num="80" count="0" type="stmt"/>
        <line num="81" count="0" type="stmt"/>
        <line num="82" count="0" type="stmt"/>
        <line num="87" count="0" type="stmt"/>
        <line num="95" count="0" type="stmt"/>
        <line num="96" count="0" type="stmt"/>
        <line num="97" count="0" type="cond" truecount="0" falsecount="2"/>
        <line num="98" count="0" type="stmt"/>
        <line num="102" count="0" type="stmt"/>
        <line num="106" count="0" type="stmt"/>
        <line num="107" count="0" type="stmt"/>
        <line num="109" count="0" type="stmt"/>
        <line num="110" count="0" type="stmt"/>
        <line num="111" count="0" type="stmt"/>
        <line num="112" count="0" type="cond" truecount="0" falsecount="2"/>
        <line num="113" count="0" type="stmt"/>
        <line num="118" count="0" type="stmt"/>
        <line num="119" count="0" type="stmt"/>
        <line num="120" count="0" type="stmt"/>
        <line num="121" count="0" type="stmt"/>
        <line num="123" count="0" type="stmt"/>
        <line num="126" count="0" type="cond" truecount="0" falsecount="2"/>
        <line num="127" count="0" type="stmt"/>
        <line num="129" count="0" type="cond" truecount="0" falsecount="2"/>
        <line num="130" count="0" type="stmt"/>
        <line num="133" count="0" type="stmt"/>
        <line num="134" count="0" type="stmt"/>
        <line num="135" count="0" type="stmt"/>
        <line num="136" count="0" type="stmt"/>
        <line num="137" count="0" type="stmt"/>
        <line num="138" count="0" type="stmt"/>
        <line num="139" count="0" type="stmt"/>
        <line num="140" count="0" type="stmt"/>
        <line num="141" count="0" type="stmt"/>
        <line num="144" count="0" type="stmt"/>
        <line num="145" count="0" type="cond" truecount="0" falsecount="2"/>
        <line num="146" count="0" type="stmt"/>
        <line num="150" count="3" type="stmt"/>
        <line num="151" count="3" type="stmt"/>
        <line num="156" count="3" type="stmt"/>
        <line num="187" count="6" type="stmt"/>
        <line num="237" count="0" type="stmt"/>
        <line num="238" count="0" type="stmt"/>
        <line num="240" count="0" type="stmt"/>
        <line num="241" count="0" type="stmt"/>
        <line num="243" count="0" type="stmt"/>
        <line num="244" count="0" type="stmt"/>
        <line num="248" count="0" type="stmt"/>
        <line num="249" count="0" type="stmt"/>
        <line num="252" count="0" type="stmt"/>
        <line num="259" count="6" type="stmt"/>
        <line num="276" count="0" type="cond" truecount="0" falsecount="2"/>
        <line num="277" count="0" type="stmt"/>
        <line num="284" count="6" type="stmt"/>
        <line num="295" count="6" type="stmt"/>
        <line num="300" count="0" type="stmt"/>
        <line num="301" count="0" type="cond" truecount="0" falsecount="2"/>
        <line num="302" count="0" type="stmt"/>
        <line num="304" count="0" type="stmt"/>
        <line num="310" count="3" type="stmt"/>
        <line num="321" count="0" type="cond" truecount="0" falsecount="2"/>
        <line num="322" count="0" type="stmt"/>
        <line num="332" count="0" type="cond" truecount="0" falsecount="2"/>
        <line num="333" count="0" type="stmt"/>
        <line num="334" count="0" type="stmt"/>
        <line num="336" count="0" type="cond" truecount="0" falsecount="2"/>
        <line num="337" count="0" type="stmt"/>
        <line num="340" count="0" type="stmt"/>
        <line num="341" count="0" type="stmt"/>
        <line num="347" count="0" type="stmt"/>
        <line num="358" count="0" type="stmt"/>
        <line num="371" count="3" type="stmt"/>
        <line num="378" count="0" type="cond" truecount="0" falsecount="2"/>
        <line num="380" count="0" type="stmt"/>
        <line num="390" count="0" type="cond" truecount="0" falsecount="2"/>
        <line num="391" count="0" type="stmt"/>
        <line num="392" count="0" type="stmt"/>
        <line num="393" count="0" type="cond" truecount="0" falsecount="2"/>
        <line num="394" count="0" type="stmt"/>
        <line num="396" count="0" type="stmt"/>
        <line num="397" count="0" type="stmt"/>
        <line num="414" count="3" type="stmt"/>
      </file>
    </package>
    <package name="src.views">
      <metrics statements="37" coveredstatements="0" conditionals="15" coveredconditionals="0" methods="12" coveredmethods="0"/>
      <file name="GameDashboard.js" path="/Users/fernandoduarte/Brown Dropbox/Fernando Duarte/Teaching/ECON1500/2025 Spring/Modules/The Rise of China/Solow game/argon-dashboard-react-master/src/views/GameDashboard.js">
        <metrics statements="22" coveredstatements="0" conditionals="13" coveredconditionals="0" methods="5" coveredmethods="0"/>
        <line num="25" count="0" type="stmt"/>
        <line num="27" count="0" type="stmt"/>
        <line num="29" count="0" type="stmt"/>
        <line num="31" count="0" type="stmt"/>
        <line num="33" count="0" type="stmt"/>
        <line num="36" count="0" type="stmt"/>
        <line num="37" count="0" type="stmt"/>
        <line num="38" count="0" type="stmt"/>
        <line num="41" count="0" type="stmt"/>
        <line num="42" count="0" type="stmt"/>
        <line num="43" count="0" type="stmt"/>
        <line num="44" count="0" type="stmt"/>
        <line num="45" count="0" type="stmt"/>
        <line num="48" count="0" type="cond" truecount="0" falsecount="2"/>
        <line num="50" count="0" type="stmt"/>
        <line num="51" count="0" type="stmt"/>
        <line num="52" count="0" type="stmt"/>
        <line num="53" count="0" type="stmt"/>
        <line num="55" count="0" type="stmt"/>
        <line num="57" count="0" type="stmt"/>
        <line num="145" count="0" type="stmt"/>
        <line num="146" count="0" type="stmt"/>
      </file>
      <file name="Index.js" path="/Users/fernandoduarte/Brown Dropbox/Fernando Duarte/Teaching/ECON1500/2025 Spring/Modules/The Rise of China/Solow game/argon-dashboard-react-master/src/views/Index.js">
        <metrics statements="15" coveredstatements="0" conditionals="2" coveredconditionals="0" methods="7" coveredmethods="0"/>
        <line num="51" count="0" type="stmt"/>
        <line num="52" count="0" type="stmt"/>
        <line num="53" count="0" type="stmt"/>
        <line num="55" count="0" type="cond" truecount="0" falsecount="2"/>
        <line num="56" count="0" type="stmt"/>
        <line num="59" count="0" type="stmt"/>
        <line num="60" count="0" type="stmt"/>
        <line num="61" count="0" type="stmt"/>
        <line num="62" count="0" type="stmt"/>
        <line num="64" count="0" type="stmt"/>
        <line num="88" count="0" type="stmt"/>
        <line num="101" count="0" type="stmt"/>
        <line num="117" count="0" type="stmt"/>
        <line num="159" count="0" type="stmt"/>
        <line num="235" count="0" type="stmt"/>
      </file>
    </package>
    <package name="src.views.examples">
      <metrics statements="237" coveredstatements="0" conditionals="202" coveredconditionals="0" methods="217" coveredmethods="0"/>
      <file name="Icons.js" path="/Users/fernandoduarte/Brown Dropbox/Fernando Duarte/Teaching/ECON1500/2025 Spring/Modules/The Rise of China/Solow game/argon-dashboard-react-master/src/views/examples/Icons.js">
        <metrics statements="104" coveredstatements="0" conditionals="202" coveredconditionals="0" methods="102" coveredmethods="0"/>
        <line num="34" count="0" type="stmt"/>
        <line num="35" count="0" type="stmt"/>
        <line num="36" count="0" type="stmt"/>
        <line num="53" count="0" type="stmt"/>
        <line num="79" count="0" type="stmt"/>
        <line num="106" count="0" type="stmt"/>
        <line num="133" count="0" type="stmt"/>
        <line num="160" count="0" type="stmt"/>
        <line num="187" count="0" type="stmt"/>
        <line num="214" count="0" type="stmt"/>
        <line num="241" count="0" type="stmt"/>
        <line num="268" count="0" type="stmt"/>
        <line num="295" count="0" type="stmt"/>
        <line num="322" count="0" type="stmt"/>
        <line num="349" count="0" type="stmt"/>
        <line num="376" count="0" type="stmt"/>
        <line num="403" count="0" type="stmt"/>
        <line num="430" count="0" type="stmt"/>
        <line num="457" count="0" type="stmt"/>
        <line num="484" count="0" type="stmt"/>
        <line num="511" count="0" type="stmt"/>
        <line num="538" count="0" type="stmt"/>
        <line num="565" count="0" type="stmt"/>
        <line num="592" count="0" type="stmt"/>
        <line num="619" count="0" type="stmt"/>
        <line num="646" count="0" type="stmt"/>
        <line num="673" count="0" type="stmt"/>
        <line num="700" count="0" type="stmt"/>
        <line num="727" count="0" type="stmt"/>
        <line num="754" count="0" type="stmt"/>
        <line num="781" count="0" type="stmt"/>
        <line num="808" count="0" type="stmt"/>
        <line num="835" count="0" type="stmt"/>
        <line num="862" count="0" type="stmt"/>
        <line num="889" count="0" type="stmt"/>
        <line num="916" count="0" type="stmt"/>
        <line num="943" count="0" type="stmt"/>
        <line num="970" count="0" type="stmt"/>
        <line num="997" count="0" type="stmt"/>
        <line num="1024" count="0" type="stmt"/>
        <line num="1051" count="0" type="stmt"/>
        <line num="1078" count="0" type="stmt"/>
        <line num="1105" count="0" type="stmt"/>
        <line num="1132" count="0" type="stmt"/>
        <line num="1159" count="0" type="stmt"/>
        <line num="1186" count="0" type="stmt"/>
        <line num="1213" count="0" type="stmt"/>
        <line num="1240" count="0" type="stmt"/>
        <line num="1267" count="0" type="stmt"/>
        <line num="1294" count="0" type="stmt"/>
        <line num="1321" count="0" type="stmt"/>
        <line num="1348" count="0" type="stmt"/>
        <line num="1375" count="0" type="stmt"/>
        <line num="1402" count="0" type="stmt"/>
        <line num="1429" count="0" type="stmt"/>
        <line num="1456" count="0" type="stmt"/>
        <line num="1483" count="0" type="stmt"/>
        <line num="1510" count="0" type="stmt"/>
        <line num="1537" count="0" type="stmt"/>
        <line num="1564" count="0" type="stmt"/>
        <line num="1591" count="0" type="stmt"/>
        <line num="1618" count="0" type="stmt"/>
        <line num="1645" count="0" type="stmt"/>
        <line num="1672" count="0" type="stmt"/>
        <line num="1699" count="0" type="stmt"/>
        <line num="1726" count="0" type="stmt"/>
        <line num="1753" count="0" type="stmt"/>
        <line num="1780" count="0" type="stmt"/>
        <line num="1807" count="0" type="stmt"/>
        <line num="1834" count="0" type="stmt"/>
        <line num="1861" count="0" type="stmt"/>
        <line num="1888" count="0" type="stmt"/>
        <line num="1915" count="0" type="stmt"/>
        <line num="1942" count="0" type="stmt"/>
        <line num="1969" count="0" type="stmt"/>
        <line num="1996" count="0" type="stmt"/>
        <line num="2023" count="0" type="stmt"/>
        <line num="2050" count="0" type="stmt"/>
        <line num="2077" count="0" type="stmt"/>
        <line num="2104" count="0" type="stmt"/>
        <line num="2131" count="0" type="stmt"/>
        <line num="2158" count="0" type="stmt"/>
        <line num="2185" count="0" type="stmt"/>
        <line num="2212" count="0" type="stmt"/>
        <line num="2239" count="0" type="stmt"/>
        <line num="2266" count="0" type="stmt"/>
        <line num="2293" count="0" type="stmt"/>
        <line num="2320" count="0" type="stmt"/>
        <line num="2347" count="0" type="stmt"/>
        <line num="2374" count="0" type="stmt"/>
        <line num="2401" count="0" type="stmt"/>
        <line num="2428" count="0" type="stmt"/>
        <line num="2455" count="0" type="stmt"/>
        <line num="2482" count="0" type="stmt"/>
        <line num="2509" count="0" type="stmt"/>
        <line num="2536" count="0" type="stmt"/>
        <line num="2563" count="0" type="stmt"/>
        <line num="2590" count="0" type="stmt"/>
        <line num="2617" count="0" type="stmt"/>
        <line num="2644" count="0" type="stmt"/>
        <line num="2671" count="0" type="stmt"/>
        <line num="2698" count="0" type="stmt"/>
        <line num="2725" count="0" type="stmt"/>
        <line num="2752" count="0" type="stmt"/>
      </file>
      <file name="Login.js" path="/Users/fernandoduarte/Brown Dropbox/Fernando Duarte/Teaching/ECON1500/2025 Spring/Modules/The Rise of China/Solow game/argon-dashboard-react-master/src/views/examples/Login.js">
        <metrics statements="6" coveredstatements="0" conditionals="0" coveredconditionals="0" methods="5" coveredmethods="0"/>
        <line num="35" count="0" type="stmt"/>
        <line num="36" count="0" type="stmt"/>
        <line num="49" count="0" type="stmt"/>
        <line num="66" count="0" type="stmt"/>
        <line num="140" count="0" type="stmt"/>
        <line num="149" count="0" type="stmt"/>
      </file>
      <file name="Maps.js" path="/Users/fernandoduarte/Brown Dropbox/Fernando Duarte/Teaching/ECON1500/2025 Spring/Modules/The Rise of China/Solow game/argon-dashboard-react-master/src/views/examples/Maps.js">
        <metrics statements="18" coveredstatements="0" conditionals="0" coveredconditionals="0" methods="4" coveredmethods="0"/>
        <line num="26" count="0" type="stmt"/>
        <line num="27" count="0" type="stmt"/>
        <line num="28" count="0" type="stmt"/>
        <line num="29" count="0" type="stmt"/>
        <line num="30" count="0" type="stmt"/>
        <line num="31" count="0" type="stmt"/>
        <line num="32" count="0" type="stmt"/>
        <line num="33" count="0" type="stmt"/>
        <line num="34" count="0" type="stmt"/>
        <line num="83" count="0" type="stmt"/>
        <line num="85" count="0" type="stmt"/>
        <line num="93" count="0" type="stmt"/>
        <line num="96" count="0" type="stmt"/>
        <line num="100" count="0" type="stmt"/>
        <line num="101" count="0" type="stmt"/>
        <line num="104" count="0" type="stmt"/>
        <line num="116" count="0" type="stmt"/>
        <line num="117" count="0" type="stmt"/>
      </file>
      <file name="Profile.js" path="/Users/fernandoduarte/Brown Dropbox/Fernando Duarte/Teaching/ECON1500/2025 Spring/Modules/The Rise of China/Solow game/argon-dashboard-react-master/src/views/examples/Profile.js">
        <metrics statements="7" coveredstatements="0" conditionals="0" coveredconditionals="0" methods="6" coveredmethods="0"/>
        <line num="35" count="0" type="stmt"/>
        <line num="36" count="0" type="stmt"/>
        <line num="47" count="0" type="stmt"/>
        <line num="63" count="0" type="stmt"/>
        <line num="72" count="0" type="stmt"/>
        <line num="121" count="0" type="stmt"/>
        <line num="139" count="0" type="stmt"/>
      </file>
      <file name="Register.js" path="/Users/fernandoduarte/Brown Dropbox/Fernando Duarte/Teaching/ECON1500/2025 Spring/Modules/The Rise of China/Solow game/argon-dashboard-react-master/src/views/examples/Register.js">
        <metrics statements="5" coveredstatements="0" conditionals="0" coveredconditionals="0" methods="4" coveredmethods="0"/>
        <line num="35" count="0" type="stmt"/>
        <line num="36" count="0" type="stmt"/>
        <line num="49" count="0" type="stmt"/>
        <line num="66" count="0" type="stmt"/>
        <line num="144" count="0" type="stmt"/>
      </file>
      <file name="Tables.js" path="/Users/fernandoduarte/Brown Dropbox/Fernando Duarte/Teaching/ECON1500/2025 Spring/Modules/The Rise of China/Solow game/argon-dashboard-react-master/src/views/examples/Tables.js">
        <metrics statements="97" coveredstatements="0" conditionals="0" coveredconditionals="0" methods="96" coveredmethods="0"/>
        <line num="41" count="0" type="stmt"/>
        <line num="42" count="0" type="stmt"/>
        <line num="72" count="0" type="stmt"/>
        <line num="99" count="0" type="stmt"/>
        <line num="117" count="0" type="stmt"/>
        <line num="135" count="0" type="stmt"/>
        <line num="153" count="0" type="stmt"/>
        <line num="189" count="0" type="stmt"/>
        <line num="196" count="0" type="stmt"/>
        <line num="202" count="0" type="stmt"/>
        <line num="208" count="0" type="stmt"/>
        <line num="222" count="0" type="stmt"/>
        <line num="249" count="0" type="stmt"/>
        <line num="267" count="0" type="stmt"/>
        <line num="285" count="0" type="stmt"/>
        <line num="303" count="0" type="stmt"/>
        <line num="339" count="0" type="stmt"/>
        <line num="346" count="0" type="stmt"/>
        <line num="352" count="0" type="stmt"/>
        <line num="358" count="0" type="stmt"/>
        <line num="372" count="0" type="stmt"/>
        <line num="397" count="0" type="stmt"/>
        <line num="415" count="0" type="stmt"/>
        <line num="433" count="0" type="stmt"/>
        <line num="451" count="0" type="stmt"/>
        <line num="487" count="0" type="stmt"/>
        <line num="494" count="0" type="stmt"/>
        <line num="500" count="0" type="stmt"/>
        <line num="506" count="0" type="stmt"/>
        <line num="520" count="0" type="stmt"/>
        <line num="547" count="0" type="stmt"/>
        <line num="565" count="0" type="stmt"/>
        <line num="583" count="0" type="stmt"/>
        <line num="601" count="0" type="stmt"/>
        <line num="637" count="0" type="stmt"/>
        <line num="644" count="0" type="stmt"/>
        <line num="650" count="0" type="stmt"/>
        <line num="656" count="0" type="stmt"/>
        <line num="670" count="0" type="stmt"/>
        <line num="697" count="0" type="stmt"/>
        <line num="715" count="0" type="stmt"/>
        <line num="733" count="0" type="stmt"/>
        <line num="751" count="0" type="stmt"/>
        <line num="787" count="0" type="stmt"/>
        <line num="794" count="0" type="stmt"/>
        <line num="800" count="0" type="stmt"/>
        <line num="806" count="0" type="stmt"/>
        <line num="825" count="0" type="stmt"/>
        <line num="835" count="0" type="stmt"/>
        <line num="843" count="0" type="stmt"/>
        <line num="851" count="0" type="stmt"/>
        <line num="859" count="0" type="stmt"/>
        <line num="899" count="0" type="stmt"/>
        <line num="926" count="0" type="stmt"/>
        <line num="944" count="0" type="stmt"/>
        <line num="962" count="0" type="stmt"/>
        <line num="980" count="0" type="stmt"/>
        <line num="1016" count="0" type="stmt"/>
        <line num="1023" count="0" type="stmt"/>
        <line num="1029" count="0" type="stmt"/>
        <line num="1035" count="0" type="stmt"/>
        <line num="1049" count="0" type="stmt"/>
        <line num="1076" count="0" type="stmt"/>
        <line num="1094" count="0" type="stmt"/>
        <line num="1109" count="0" type="stmt"/>
        <line num="1127" count="0" type="stmt"/>
        <line num="1163" count="0" type="stmt"/>
        <line num="1170" count="0" type="stmt"/>
        <line num="1176" count="0" type="stmt"/>
        <line num="1182" count="0" type="stmt"/>
        <line num="1196" count="0" type="stmt"/>
        <line num="1221" count="0" type="stmt"/>
        <line num="1239" count="0" type="stmt"/>
        <line num="1257" count="0" type="stmt"/>
        <line num="1275" count="0" type="stmt"/>
        <line num="1311" count="0" type="stmt"/>
        <line num="1318" count="0" type="stmt"/>
        <line num="1324" count="0" type="stmt"/>
        <line num="1330" count="0" type="stmt"/>
        <line num="1344" count="0" type="stmt"/>
        <line num="1371" count="0" type="stmt"/>
        <line num="1389" count="0" type="stmt"/>
        <line num="1407" count="0" type="stmt"/>
        <line num="1425" count="0" type="stmt"/>
        <line num="1461" count="0" type="stmt"/>
        <line num="1468" count="0" type="stmt"/>
        <line num="1474" count="0" type="stmt"/>
        <line num="1480" count="0" type="stmt"/>
        <line num="1494" count="0" type="stmt"/>
        <line num="1521" count="0" type="stmt"/>
        <line num="1539" count="0" type="stmt"/>
        <line num="1557" count="0" type="stmt"/>
        <line num="1575" count="0" type="stmt"/>
        <line num="1611" count="0" type="stmt"/>
        <line num="1618" count="0" type="stmt"/>
        <line num="1624" count="0" type="stmt"/>
        <line num="1630" count="0" type="stmt"/>
      </file>
    </package>
  </project>
</coverage>
