TN:
SF:src/index.js
FNF:0
FNH:0
DA:29,0
DA:31,0
LF:2
LH:0
BRF:0
BRH:0
end_of_record
TN:
SF:src/routes.js
FNF:0
FNH:0
DA:26,0
LF:1
LH:0
BRF:0
BRH:0
end_of_record
TN:
SF:src/components/Footers/AdminFooter.js
FN:23,(anonymous_0)
FNF:1
FNH:0
FNDA:0,(anonymous_0)
DA:23,0
DA:24,0
LF:2
LH:0
BRF:0
BRH:0
end_of_record
TN:
SF:src/components/Footers/AuthFooter.js
FN:23,(anonymous_0)
FNF:1
FNH:0
FNDA:0,(anonymous_0)
DA:23,0
DA:24,0
LF:2
LH:0
BRF:0
BRH:0
end_of_record
TN:
SF:src/components/Game/BreakingNewsBanner.js
FN:13,(anonymous_0)
FNF:1
FNH:1
FNDA:3,(anonymous_0)
DA:13,1
DA:14,3
DA:40,1
LF:3
LH:3
BRF:0
BRH:0
end_of_record
TN:
SF:src/components/Game/ConsumptionSavingsChart.js
FN:16,(anonymous_0)
FNF:1
FNH:1
FNDA:2,(anonymous_0)
DA:16,1
DA:17,2
DA:29,2
DA:44,1
LF:4
LH:4
BRF:0
BRH:0
end_of_record
TN:
SF:src/components/Game/CountdownTimer.js
FN:15,(anonymous_0)
FN:16,(anonymous_1)
FN:19,(anonymous_2)
FN:20,update
FN:31,(anonymous_4)
FNF:5
FNH:5
FNDA:5,(anonymous_0)
FNDA:3,(anonymous_1)
FNDA:3,(anonymous_2)
FNDA:5,update
FNDA:3,(anonymous_4)
DA:15,1
DA:16,5
DA:17,5
DA:19,5
DA:21,5
DA:22,5
DA:23,5
DA:24,1
DA:25,1
DA:26,1
DA:29,3
DA:30,3
DA:31,3
DA:34,5
DA:35,5
DA:36,5
DA:38,5
DA:53,1
LF:18
LH:18
BRDA:23,0,0,1
BRDA:23,0,1,4
BRDA:23,1,0,5
BRDA:23,1,1,1
BRDA:26,2,0,1
BRDA:26,2,1,0
BRF:6
BRH:5
end_of_record
TN:
SF:src/components/Game/EconomicStats.js
FN:21,(anonymous_0)
FN:35,(anonymous_1)
FN:36,(anonymous_2)
FN:37,(anonymous_3)
FN:38,(anonymous_4)
FNF:5
FNH:5
FNDA:3,(anonymous_0)
FNDA:9,(anonymous_1)
FNDA:3,(anonymous_2)
FNDA:3,(anonymous_3)
FNDA:3,(anonymous_4)
DA:21,1
DA:32,3
DA:35,9
DA:36,3
DA:37,3
DA:38,3
DA:40,3
DA:78,1
LF:8
LH:8
BRDA:36,0,0,2
BRDA:36,0,1,1
BRDA:37,1,0,2
BRDA:37,1,1,1
BRDA:38,2,0,2
BRDA:38,2,1,1
BRF:6
BRH:6
end_of_record
TN:
SF:src/components/Game/ExchangeRateButtons.js
FN:16,(anonymous_0)
FN:19,(anonymous_1)
FN:23,(anonymous_2)
FNF:3
FNH:3
FNDA:3,(anonymous_0)
FNDA:9,(anonymous_1)
FNDA:1,(anonymous_2)
DA:14,1
DA:16,1
DA:17,3
DA:20,9
DA:23,1
DA:36,1
LF:6
LH:6
BRDA:16,0,0,0
BRDA:22,1,0,3
BRDA:22,1,1,6
BRF:3
BRH:2
end_of_record
TN:
SF:src/components/Game/GDPGrowthChart.js
FN:16,(anonymous_0)
FNF:1
FNH:1
FNDA:2,(anonymous_0)
DA:16,1
DA:17,2
DA:33,2
DA:48,1
LF:4
LH:4
BRF:0
BRH:0
end_of_record
TN:
SF:src/components/Game/SavingsRateSlider.js
FN:16,(anonymous_0)
FN:18,(anonymous_1)
FNF:2
FNH:2
FNDA:4,(anonymous_0)
FNDA:5,(anonymous_1)
DA:16,1
DA:18,4
DA:19,5
DA:20,5
DA:21,5
DA:22,5
DA:25,4
DA:45,1
LF:8
LH:8
BRDA:20,0,0,1
BRDA:20,0,1,4
BRDA:21,1,0,1
BRDA:21,1,1,4
BRF:4
BRH:4
end_of_record
TN:
SF:src/components/Game/TradeBalanceChart.js
FN:16,(anonymous_0)
FNF:1
FNH:1
FNDA:2,(anonymous_0)
DA:16,1
DA:17,2
DA:32,2
DA:47,1
LF:4
LH:4
BRDA:23,0,0,2
BRDA:23,0,1,2
BRDA:24,1,0,2
BRDA:24,1,1,2
BRF:4
BRH:4
end_of_record
TN:
SF:src/components/Headers/Header.js
FN:22,(anonymous_0)
FNF:1
FNH:0
FNDA:0,(anonymous_0)
DA:22,0
DA:23,0
LF:2
LH:0
BRF:0
BRH:0
end_of_record
TN:
SF:src/components/Headers/UserHeader.js
FN:22,(anonymous_0)
FN:49,(anonymous_1)
FNF:2
FNH:0
FNDA:0,(anonymous_0)
FNDA:0,(anonymous_1)
DA:22,0
DA:23,0
DA:49,0
LF:3
LH:0
BRF:0
BRH:0
end_of_record
TN:
SF:src/components/Navbars/AdminNavbar.js
FN:37,(anonymous_0)
FN:98,(anonymous_1)
FNF:2
FNH:0
FNDA:0,(anonymous_0)
FNDA:0,(anonymous_1)
DA:37,0
DA:38,0
DA:98,0
LF:3
LH:0
BRF:0
BRH:0
end_of_record
TN:
SF:src/components/Navbars/AuthNavbar.js
FN:32,(anonymous_0)
FNF:1
FNH:0
FNDA:0,(anonymous_0)
DA:32,0
DA:33,0
LF:2
LH:0
BRF:0
BRH:0
end_of_record
TN:
SF:src/components/Sidebar/Sidebar.js
FN:57,(anonymous_0)
FN:60,(anonymous_1)
FN:64,(anonymous_2)
FN:65,(anonymous_3)
FN:68,(anonymous_4)
FN:72,(anonymous_5)
FN:73,(anonymous_6)
FN:177,(anonymous_7)
FNF:8
FNH:0
FNDA:0,(anonymous_0)
FNDA:0,(anonymous_1)
FNDA:0,(anonymous_2)
FNDA:0,(anonymous_3)
FNDA:0,(anonymous_4)
FNDA:0,(anonymous_5)
FNDA:0,(anonymous_6)
FNDA:0,(anonymous_7)
DA:57,0
DA:58,0
DA:60,0
DA:61,0
DA:64,0
DA:65,0
DA:68,0
DA:69,0
DA:72,0
DA:73,0
DA:74,0
DA:89,0
DA:91,0
DA:92,0
DA:96,0
DA:97,0
DA:103,0
DA:177,0
DA:271,0
DA:275,0
LF:20
LH:0
BRDA:61,0,0,0
BRDA:61,0,1,0
BRDA:91,1,0,0
BRDA:91,1,1,0
BRDA:91,2,0,0
BRDA:91,2,1,0
BRDA:96,3,0,0
BRDA:96,3,1,0
BRDA:96,4,0,0
BRDA:96,4,1,0
BRDA:119,5,0,0
BRDA:119,5,1,0
BRDA:189,6,0,0
BRDA:189,6,1,0
BRDA:191,7,0,0
BRDA:191,7,1,0
BRF:16
BRH:0
end_of_record
TN:
SF:src/hooks/useBreakingNews.js
FN:7,(anonymous_0)
FNF:1
FNH:0
FNDA:0,(anonymous_0)
DA:7,0
LF:1
LH:0
BRF:0
BRH:0
end_of_record
TN:
SF:src/hooks/useDecision.js
FN:7,(anonymous_0)
FNF:1
FNH:0
FNDA:0,(anonymous_0)
DA:7,0
LF:1
LH:0
BRF:0
BRH:0
end_of_record
TN:
SF:src/hooks/useGameState.js
FN:7,(anonymous_0)
FNF:1
FNH:0
FNDA:0,(anonymous_0)
DA:7,0
LF:1
LH:0
BRF:0
BRH:0
end_of_record
TN:
SF:src/hooks/useTimer.js
FN:7,(anonymous_0)
FNF:1
FNH:0
FNDA:0,(anonymous_0)
DA:7,0
LF:1
LH:0
BRF:0
BRH:0
end_of_record
TN:
SF:src/layouts/Admin.js
FN:29,(anonymous_0)
FN:33,(anonymous_1)
FN:39,(anonymous_2)
FN:40,(anonymous_3)
FN:51,(anonymous_4)
FNF:5
FNH:0
FNDA:0,(anonymous_0)
FNDA:0,(anonymous_1)
FNDA:0,(anonymous_2)
FNDA:0,(anonymous_3)
FNDA:0,(anonymous_4)
DA:29,0
DA:30,0
DA:31,0
DA:33,0
DA:34,0
DA:35,0
DA:36,0
DA:39,0
DA:40,0
DA:41,0
DA:42,0
DA:46,0
DA:51,0
DA:52,0
DA:53,0
DA:57,0
DA:60,0
DA:63,0
LF:18
LH:0
BRDA:41,0,0,0
BRDA:41,0,1,0
BRDA:53,1,0,0
BRDA:53,1,1,0
BRF:4
BRH:0
end_of_record
TN:
SF:src/layouts/Auth.js
FN:29,(anonymous_0)
FN:33,(anonymous_1)
FN:35,(anonymous_2)
FN:39,(anonymous_3)
FN:45,(anonymous_4)
FN:46,(anonymous_5)
FNF:6
FNH:0
FNDA:0,(anonymous_0)
FNDA:0,(anonymous_1)
FNDA:0,(anonymous_2)
FNDA:0,(anonymous_3)
FNDA:0,(anonymous_4)
FNDA:0,(anonymous_5)
DA:29,0
DA:30,0
DA:31,0
DA:33,0
DA:34,0
DA:35,0
DA:36,0
DA:39,0
DA:40,0
DA:41,0
DA:42,0
DA:45,0
DA:46,0
DA:47,0
DA:48,0
DA:52,0
DA:57,0
LF:17
LH:0
BRDA:47,0,0,0
BRDA:47,0,1,0
BRF:2
BRH:0
end_of_record
TN:
SF:src/providers/BreakingNewsProvider.js
FN:12,(anonymous_0)
FN:17,(anonymous_1)
FNF:2
FNH:0
FNDA:0,(anonymous_0)
FNDA:0,(anonymous_1)
DA:6,0
DA:12,0
DA:13,0
DA:14,0
DA:15,0
DA:17,0
DA:21,0
LF:7
LH:0
BRF:0
BRH:0
end_of_record
TN:
SF:src/providers/DecisionProvider.js
FN:12,(anonymous_0)
FN:17,(anonymous_1)
FN:21,(anonymous_2)
FN:27,(anonymous_3)
FNF:4
FNH:0
FNDA:0,(anonymous_0)
FNDA:0,(anonymous_1)
FNDA:0,(anonymous_2)
FNDA:0,(anonymous_3)
DA:6,0
DA:12,0
DA:13,0
DA:14,0
DA:15,0
DA:17,0
DA:18,0
DA:19,0
DA:21,0
DA:22,0
DA:23,0
DA:27,0
DA:28,0
DA:29,0
DA:32,0
LF:15
LH:0
BRF:0
BRH:0
end_of_record
TN:
SF:src/providers/GameStateProvider.js
FN:12,(anonymous_0)
FN:18,(anonymous_1)
FNF:2
FNH:0
FNDA:0,(anonymous_0)
FNDA:0,(anonymous_1)
DA:6,0
DA:12,0
DA:13,0
DA:14,0
DA:15,0
DA:16,0
DA:18,0
DA:22,0
LF:8
LH:0
BRF:0
BRH:0
end_of_record
TN:
SF:src/providers/TimerProvider.js
FN:12,(anonymous_0)
FNF:1
FNH:0
FNDA:0,(anonymous_0)
DA:6,0
DA:12,0
DA:13,0
DA:14,0
DA:15,0
DA:16,0
DA:20,0
LF:7
LH:0
BRF:0
BRH:0
end_of_record
TN:
SF:src/providers/index.js
FNF:0
FNH:0
LF:0
LH:0
BRF:0
BRH:0
end_of_record
TN:
SF:src/variables/charts.js
FN:24,(anonymous_0)
FN:101,cornerAt
FN:185,chartOptions
FN:236,(anonymous_3)
FN:240,(anonymous_4)
FN:275,(anonymous_5)
FN:299,parseOptions
FN:320,(anonymous_7)
FN:331,(anonymous_8)
FN:346,(anonymous_9)
FN:357,(anonymous_10)
FN:377,(anonymous_11)
FN:389,(anonymous_12)
FNF:13
FNH:1
FNDA:0,(anonymous_0)
FNDA:0,cornerAt
FNDA:6,chartOptions
FNDA:0,(anonymous_3)
FNDA:0,(anonymous_4)
FNDA:0,(anonymous_5)
FNDA:0,parseOptions
FNDA:0,(anonymous_7)
FNDA:0,(anonymous_8)
FNDA:0,(anonymous_9)
FNDA:0,(anonymous_10)
FNDA:0,(anonymous_11)
FNDA:0,(anonymous_12)
DA:18,3
DA:24,3
DA:25,0
DA:26,0
DA:28,0
DA:31,0
DA:33,0
DA:35,0
DA:36,0
DA:37,0
DA:38,0
DA:39,0
DA:40,0
DA:41,0
DA:44,0
DA:45,0
DA:46,0
DA:47,0
DA:48,0
DA:49,0
DA:50,0
DA:55,0
DA:57,0
DA:58,0
DA:59,0
DA:61,0
DA:63,0
DA:64,0
DA:66,0
DA:68,0
DA:69,0
DA:70,0
DA:73,0
DA:74,0
DA:75,0
DA:79,0
DA:80,0
DA:81,0
DA:82,0
DA:87,0
DA:95,0
DA:96,0
DA:97,0
DA:98,0
DA:102,0
DA:106,0
DA:107,0
DA:109,0
DA:110,0
DA:111,0
DA:112,0
DA:113,0
DA:118,0
DA:119,0
DA:120,0
DA:121,0
DA:123,0
DA:126,0
DA:127,0
DA:129,0
DA:130,0
DA:133,0
DA:134,0
DA:135,0
DA:136,0
DA:137,0
DA:138,0
DA:139,0
DA:140,0
DA:141,0
DA:144,0
DA:145,0
DA:146,0
DA:150,3
DA:151,3
DA:156,3
DA:187,6
DA:237,0
DA:238,0
DA:240,0
DA:241,0
DA:243,0
DA:244,0
DA:248,0
DA:249,0
DA:252,0
DA:259,6
DA:276,0
DA:277,0
DA:284,6
DA:295,6
DA:300,0
DA:301,0
DA:302,0
DA:304,0
DA:310,3
DA:321,0
DA:322,0
DA:332,0
DA:333,0
DA:334,0
DA:336,0
DA:337,0
DA:340,0
DA:341,0
DA:347,0
DA:358,0
DA:371,3
DA:378,0
DA:380,0
DA:390,0
DA:391,0
DA:392,0
DA:393,0
DA:394,0
DA:396,0
DA:397,0
DA:414,3
LF:118
LH:12
BRDA:33,0,0,0
BRDA:33,0,1,0
BRDA:40,1,0,0
BRDA:40,1,1,0
BRDA:41,2,0,0
BRDA:41,2,1,0
BRDA:48,3,0,0
BRDA:48,3,1,0
BRDA:50,4,0,0
BRDA:50,4,1,0
BRDA:55,5,0,0
BRDA:55,5,1,0
BRDA:58,6,0,0
BRDA:58,6,1,0
BRDA:61,7,0,0
BRDA:61,7,1,0
BRDA:63,8,0,0
BRDA:63,8,1,0
BRDA:64,9,0,0
BRDA:64,9,1,0
BRDA:66,10,0,0
BRDA:66,10,1,0
BRDA:68,11,0,0
BRDA:68,11,1,0
BRDA:73,12,0,0
BRDA:73,12,1,0
BRDA:97,13,0,0
BRDA:97,13,1,0
BRDA:112,14,0,0
BRDA:112,14,1,0
BRDA:126,15,0,0
BRDA:126,15,1,0
BRDA:129,16,0,0
BRDA:129,16,1,0
BRDA:145,17,0,0
BRDA:145,17,1,0
BRDA:192,18,0,0
BRDA:192,18,1,6
BRDA:193,19,0,0
BRDA:193,19,1,6
BRDA:224,20,0,0
BRDA:224,20,1,6
BRDA:263,21,0,0
BRDA:263,21,1,6
BRDA:268,22,0,0
BRDA:268,22,1,6
BRDA:276,23,0,0
BRDA:276,23,1,0
BRDA:301,24,0,0
BRDA:301,24,1,0
BRDA:321,25,0,0
BRDA:321,25,1,0
BRDA:332,26,0,0
BRDA:332,26,1,0
BRDA:336,27,0,0
BRDA:336,27,1,0
BRDA:378,28,0,0
BRDA:378,28,1,0
BRDA:390,29,0,0
BRDA:390,29,1,0
BRDA:393,30,0,0
BRDA:393,30,1,0
BRF:62
BRH:5
end_of_record
TN:
SF:src/views/GameDashboard.js
FN:25,(anonymous_0)
FN:50,(anonymous_1)
FN:51,(anonymous_2)
FN:55,(anonymous_3)
FN:145,(anonymous_4)
FNF:5
FNH:0
FNDA:0,(anonymous_0)
FNDA:0,(anonymous_1)
FNDA:0,(anonymous_2)
FNDA:0,(anonymous_3)
FNDA:0,(anonymous_4)
DA:25,0
DA:27,0
DA:29,0
DA:31,0
DA:33,0
DA:36,0
DA:37,0
DA:38,0
DA:41,0
DA:42,0
DA:43,0
DA:44,0
DA:45,0
DA:48,0
DA:50,0
DA:51,0
DA:52,0
DA:53,0
DA:55,0
DA:57,0
DA:145,0
DA:146,0
LF:22
LH:0
BRDA:48,0,0,0
BRDA:48,0,1,0
BRDA:59,1,0,0
BRDA:59,1,1,0
BRDA:59,1,2,0
BRDA:67,2,0,0
BRDA:67,2,1,0
BRDA:102,3,0,0
BRDA:102,3,1,0
BRDA:106,4,0,0
BRDA:106,4,1,0
BRDA:117,5,0,0
BRDA:117,5,1,0
BRF:13
BRH:0
end_of_record
TN:
SF:src/views/Index.js
FN:51,(anonymous_0)
FN:59,(anonymous_1)
FN:88,(anonymous_2)
FN:101,(anonymous_3)
FN:117,(anonymous_4)
FN:159,(anonymous_5)
FN:235,(anonymous_6)
FNF:7
FNH:0
FNDA:0,(anonymous_0)
FNDA:0,(anonymous_1)
FNDA:0,(anonymous_2)
FNDA:0,(anonymous_3)
FNDA:0,(anonymous_4)
FNDA:0,(anonymous_5)
FNDA:0,(anonymous_6)
DA:51,0
DA:52,0
DA:53,0
DA:55,0
DA:56,0
DA:59,0
DA:60,0
DA:61,0
DA:62,0
DA:64,0
DA:88,0
DA:101,0
DA:117,0
DA:159,0
DA:235,0
LF:15
LH:0
BRDA:55,0,0,0
BRDA:55,0,1,0
BRF:2
BRH:0
end_of_record
TN:
SF:src/views/examples/Icons.js
FN:34,(anonymous_0)
FN:53,(anonymous_1)
FN:79,(anonymous_2)
FN:106,(anonymous_3)
FN:133,(anonymous_4)
FN:160,(anonymous_5)
FN:187,(anonymous_6)
FN:214,(anonymous_7)
FN:241,(anonymous_8)
FN:268,(anonymous_9)
FN:295,(anonymous_10)
FN:322,(anonymous_11)
FN:349,(anonymous_12)
FN:376,(anonymous_13)
FN:403,(anonymous_14)
FN:430,(anonymous_15)
FN:457,(anonymous_16)
FN:484,(anonymous_17)
FN:511,(anonymous_18)
FN:538,(anonymous_19)
FN:565,(anonymous_20)
FN:592,(anonymous_21)
FN:619,(anonymous_22)
FN:646,(anonymous_23)
FN:673,(anonymous_24)
FN:700,(anonymous_25)
FN:727,(anonymous_26)
FN:754,(anonymous_27)
FN:781,(anonymous_28)
FN:808,(anonymous_29)
FN:835,(anonymous_30)
FN:862,(anonymous_31)
FN:889,(anonymous_32)
FN:916,(anonymous_33)
FN:943,(anonymous_34)
FN:970,(anonymous_35)
FN:997,(anonymous_36)
FN:1024,(anonymous_37)
FN:1051,(anonymous_38)
FN:1078,(anonymous_39)
FN:1105,(anonymous_40)
FN:1132,(anonymous_41)
FN:1159,(anonymous_42)
FN:1186,(anonymous_43)
FN:1213,(anonymous_44)
FN:1240,(anonymous_45)
FN:1267,(anonymous_46)
FN:1294,(anonymous_47)
FN:1321,(anonymous_48)
FN:1348,(anonymous_49)
FN:1375,(anonymous_50)
FN:1402,(anonymous_51)
FN:1429,(anonymous_52)
FN:1456,(anonymous_53)
FN:1483,(anonymous_54)
FN:1510,(anonymous_55)
FN:1537,(anonymous_56)
FN:1564,(anonymous_57)
FN:1591,(anonymous_58)
FN:1618,(anonymous_59)
FN:1645,(anonymous_60)
FN:1672,(anonymous_61)
FN:1699,(anonymous_62)
FN:1726,(anonymous_63)
FN:1753,(anonymous_64)
FN:1780,(anonymous_65)
FN:1807,(anonymous_66)
FN:1834,(anonymous_67)
FN:1861,(anonymous_68)
FN:1888,(anonymous_69)
FN:1915,(anonymous_70)
FN:1942,(anonymous_71)
FN:1969,(anonymous_72)
FN:1996,(anonymous_73)
FN:2023,(anonymous_74)
FN:2050,(anonymous_75)
FN:2077,(anonymous_76)
FN:2104,(anonymous_77)
FN:2131,(anonymous_78)
FN:2158,(anonymous_79)
FN:2185,(anonymous_80)
FN:2212,(anonymous_81)
FN:2239,(anonymous_82)
FN:2266,(anonymous_83)
FN:2293,(anonymous_84)
FN:2320,(anonymous_85)
FN:2347,(anonymous_86)
FN:2374,(anonymous_87)
FN:2401,(anonymous_88)
FN:2428,(anonymous_89)
FN:2455,(anonymous_90)
FN:2482,(anonymous_91)
FN:2509,(anonymous_92)
FN:2536,(anonymous_93)
FN:2563,(anonymous_94)
FN:2590,(anonymous_95)
FN:2617,(anonymous_96)
FN:2644,(anonymous_97)
FN:2671,(anonymous_98)
FN:2698,(anonymous_99)
FN:2725,(anonymous_100)
FN:2752,(anonymous_101)
FNF:102
FNH:0
FNDA:0,(anonymous_0)
FNDA:0,(anonymous_1)
FNDA:0,(anonymous_2)
FNDA:0,(anonymous_3)
FNDA:0,(anonymous_4)
FNDA:0,(anonymous_5)
FNDA:0,(anonymous_6)
FNDA:0,(anonymous_7)
FNDA:0,(anonymous_8)
FNDA:0,(anonymous_9)
FNDA:0,(anonymous_10)
FNDA:0,(anonymous_11)
FNDA:0,(anonymous_12)
FNDA:0,(anonymous_13)
FNDA:0,(anonymous_14)
FNDA:0,(anonymous_15)
FNDA:0,(anonymous_16)
FNDA:0,(anonymous_17)
FNDA:0,(anonymous_18)
FNDA:0,(anonymous_19)
FNDA:0,(anonymous_20)
FNDA:0,(anonymous_21)
FNDA:0,(anonymous_22)
FNDA:0,(anonymous_23)
FNDA:0,(anonymous_24)
FNDA:0,(anonymous_25)
FNDA:0,(anonymous_26)
FNDA:0,(anonymous_27)
FNDA:0,(anonymous_28)
FNDA:0,(anonymous_29)
FNDA:0,(anonymous_30)
FNDA:0,(anonymous_31)
FNDA:0,(anonymous_32)
FNDA:0,(anonymous_33)
FNDA:0,(anonymous_34)
FNDA:0,(anonymous_35)
FNDA:0,(anonymous_36)
FNDA:0,(anonymous_37)
FNDA:0,(anonymous_38)
FNDA:0,(anonymous_39)
FNDA:0,(anonymous_40)
FNDA:0,(anonymous_41)
FNDA:0,(anonymous_42)
FNDA:0,(anonymous_43)
FNDA:0,(anonymous_44)
FNDA:0,(anonymous_45)
FNDA:0,(anonymous_46)
FNDA:0,(anonymous_47)
FNDA:0,(anonymous_48)
FNDA:0,(anonymous_49)
FNDA:0,(anonymous_50)
FNDA:0,(anonymous_51)
FNDA:0,(anonymous_52)
FNDA:0,(anonymous_53)
FNDA:0,(anonymous_54)
FNDA:0,(anonymous_55)
FNDA:0,(anonymous_56)
FNDA:0,(anonymous_57)
FNDA:0,(anonymous_58)
FNDA:0,(anonymous_59)
FNDA:0,(anonymous_60)
FNDA:0,(anonymous_61)
FNDA:0,(anonymous_62)
FNDA:0,(anonymous_63)
FNDA:0,(anonymous_64)
FNDA:0,(anonymous_65)
FNDA:0,(anonymous_66)
FNDA:0,(anonymous_67)
FNDA:0,(anonymous_68)
FNDA:0,(anonymous_69)
FNDA:0,(anonymous_70)
FNDA:0,(anonymous_71)
FNDA:0,(anonymous_72)
FNDA:0,(anonymous_73)
FNDA:0,(anonymous_74)
FNDA:0,(anonymous_75)
FNDA:0,(anonymous_76)
FNDA:0,(anonymous_77)
FNDA:0,(anonymous_78)
FNDA:0,(anonymous_79)
FNDA:0,(anonymous_80)
FNDA:0,(anonymous_81)
FNDA:0,(anonymous_82)
FNDA:0,(anonymous_83)
FNDA:0,(anonymous_84)
FNDA:0,(anonymous_85)
FNDA:0,(anonymous_86)
FNDA:0,(anonymous_87)
FNDA:0,(anonymous_88)
FNDA:0,(anonymous_89)
FNDA:0,(anonymous_90)
FNDA:0,(anonymous_91)
FNDA:0,(anonymous_92)
FNDA:0,(anonymous_93)
FNDA:0,(anonymous_94)
FNDA:0,(anonymous_95)
FNDA:0,(anonymous_96)
FNDA:0,(anonymous_97)
FNDA:0,(anonymous_98)
FNDA:0,(anonymous_99)
FNDA:0,(anonymous_100)
FNDA:0,(anonymous_101)
DA:34,0
DA:35,0
DA:36,0
DA:53,0
DA:79,0
DA:106,0
DA:133,0
DA:160,0
DA:187,0
DA:214,0
DA:241,0
DA:268,0
DA:295,0
DA:322,0
DA:349,0
DA:376,0
DA:403,0
DA:430,0
DA:457,0
DA:484,0
DA:511,0
DA:538,0
DA:565,0
DA:592,0
DA:619,0
DA:646,0
DA:673,0
DA:700,0
DA:727,0
DA:754,0
DA:781,0
DA:808,0
DA:835,0
DA:862,0
DA:889,0
DA:916,0
DA:943,0
DA:970,0
DA:997,0
DA:1024,0
DA:1051,0
DA:1078,0
DA:1105,0
DA:1132,0
DA:1159,0
DA:1186,0
DA:1213,0
DA:1240,0
DA:1267,0
DA:1294,0
DA:1321,0
DA:1348,0
DA:1375,0
DA:1402,0
DA:1429,0
DA:1456,0
DA:1483,0
DA:1510,0
DA:1537,0
DA:1564,0
DA:1591,0
DA:1618,0
DA:1645,0
DA:1672,0
DA:1699,0
DA:1726,0
DA:1753,0
DA:1780,0
DA:1807,0
DA:1834,0
DA:1861,0
DA:1888,0
DA:1915,0
DA:1942,0
DA:1969,0
DA:1996,0
DA:2023,0
DA:2050,0
DA:2077,0
DA:2104,0
DA:2131,0
DA:2158,0
DA:2185,0
DA:2212,0
DA:2239,0
DA:2266,0
DA:2293,0
DA:2320,0
DA:2347,0
DA:2374,0
DA:2401,0
DA:2428,0
DA:2455,0
DA:2482,0
DA:2509,0
DA:2536,0
DA:2563,0
DA:2590,0
DA:2617,0
DA:2644,0
DA:2671,0
DA:2698,0
DA:2725,0
DA:2752,0
LF:104
LH:0
BRDA:71,0,0,0
BRDA:71,0,1,0
BRDA:98,1,0,0
BRDA:98,1,1,0
BRDA:125,2,0,0
BRDA:125,2,1,0
BRDA:152,3,0,0
BRDA:152,3,1,0
BRDA:179,4,0,0
BRDA:179,4,1,0
BRDA:206,5,0,0
BRDA:206,5,1,0
BRDA:233,6,0,0
BRDA:233,6,1,0
BRDA:260,7,0,0
BRDA:260,7,1,0
BRDA:287,8,0,0
BRDA:287,8,1,0
BRDA:314,9,0,0
BRDA:314,9,1,0
BRDA:341,10,0,0
BRDA:341,10,1,0
BRDA:368,11,0,0
BRDA:368,11,1,0
BRDA:395,12,0,0
BRDA:395,12,1,0
BRDA:422,13,0,0
BRDA:422,13,1,0
BRDA:449,14,0,0
BRDA:449,14,1,0
BRDA:476,15,0,0
BRDA:476,15,1,0
BRDA:503,16,0,0
BRDA:503,16,1,0
BRDA:530,17,0,0
BRDA:530,17,1,0
BRDA:557,18,0,0
BRDA:557,18,1,0
BRDA:584,19,0,0
BRDA:584,19,1,0
BRDA:611,20,0,0
BRDA:611,20,1,0
BRDA:638,21,0,0
BRDA:638,21,1,0
BRDA:665,22,0,0
BRDA:665,22,1,0
BRDA:692,23,0,0
BRDA:692,23,1,0
BRDA:719,24,0,0
BRDA:719,24,1,0
BRDA:746,25,0,0
BRDA:746,25,1,0
BRDA:773,26,0,0
BRDA:773,26,1,0
BRDA:800,27,0,0
BRDA:800,27,1,0
BRDA:827,28,0,0
BRDA:827,28,1,0
BRDA:854,29,0,0
BRDA:854,29,1,0
BRDA:881,30,0,0
BRDA:881,30,1,0
BRDA:908,31,0,0
BRDA:908,31,1,0
BRDA:935,32,0,0
BRDA:935,32,1,0
BRDA:962,33,0,0
BRDA:962,33,1,0
BRDA:989,34,0,0
BRDA:989,34,1,0
BRDA:1016,35,0,0
BRDA:1016,35,1,0
BRDA:1043,36,0,0
BRDA:1043,36,1,0
BRDA:1070,37,0,0
BRDA:1070,37,1,0
BRDA:1097,38,0,0
BRDA:1097,38,1,0
BRDA:1124,39,0,0
BRDA:1124,39,1,0
BRDA:1151,40,0,0
BRDA:1151,40,1,0
BRDA:1178,41,0,0
BRDA:1178,41,1,0
BRDA:1205,42,0,0
BRDA:1205,42,1,0
BRDA:1232,43,0,0
BRDA:1232,43,1,0
BRDA:1259,44,0,0
BRDA:1259,44,1,0
BRDA:1286,45,0,0
BRDA:1286,45,1,0
BRDA:1313,46,0,0
BRDA:1313,46,1,0
BRDA:1340,47,0,0
BRDA:1340,47,1,0
BRDA:1367,48,0,0
BRDA:1367,48,1,0
BRDA:1394,49,0,0
BRDA:1394,49,1,0
BRDA:1421,50,0,0
BRDA:1421,50,1,0
BRDA:1448,51,0,0
BRDA:1448,51,1,0
BRDA:1475,52,0,0
BRDA:1475,52,1,0
BRDA:1502,53,0,0
BRDA:1502,53,1,0
BRDA:1529,54,0,0
BRDA:1529,54,1,0
BRDA:1556,55,0,0
BRDA:1556,55,1,0
BRDA:1583,56,0,0
BRDA:1583,56,1,0
BRDA:1610,57,0,0
BRDA:1610,57,1,0
BRDA:1637,58,0,0
BRDA:1637,58,1,0
BRDA:1664,59,0,0
BRDA:1664,59,1,0
BRDA:1691,60,0,0
BRDA:1691,60,1,0
BRDA:1718,61,0,0
BRDA:1718,61,1,0
BRDA:1745,62,0,0
BRDA:1745,62,1,0
BRDA:1772,63,0,0
BRDA:1772,63,1,0
BRDA:1799,64,0,0
BRDA:1799,64,1,0
BRDA:1826,65,0,0
BRDA:1826,65,1,0
BRDA:1853,66,0,0
BRDA:1853,66,1,0
BRDA:1880,67,0,0
BRDA:1880,67,1,0
BRDA:1907,68,0,0
BRDA:1907,68,1,0
BRDA:1934,69,0,0
BRDA:1934,69,1,0
BRDA:1961,70,0,0
BRDA:1961,70,1,0
BRDA:1988,71,0,0
BRDA:1988,71,1,0
BRDA:2015,72,0,0
BRDA:2015,72,1,0
BRDA:2042,73,0,0
BRDA:2042,73,1,0
BRDA:2069,74,0,0
BRDA:2069,74,1,0
BRDA:2096,75,0,0
BRDA:2096,75,1,0
BRDA:2123,76,0,0
BRDA:2123,76,1,0
BRDA:2150,77,0,0
BRDA:2150,77,1,0
BRDA:2177,78,0,0
BRDA:2177,78,1,0
BRDA:2204,79,0,0
BRDA:2204,79,1,0
BRDA:2231,80,0,0
BRDA:2231,80,1,0
BRDA:2258,81,0,0
BRDA:2258,81,1,0
BRDA:2285,82,0,0
BRDA:2285,82,1,0
BRDA:2312,83,0,0
BRDA:2312,83,1,0
BRDA:2339,84,0,0
BRDA:2339,84,1,0
BRDA:2366,85,0,0
BRDA:2366,85,1,0
BRDA:2393,86,0,0
BRDA:2393,86,1,0
BRDA:2420,87,0,0
BRDA:2420,87,1,0
BRDA:2447,88,0,0
BRDA:2447,88,1,0
BRDA:2474,89,0,0
BRDA:2474,89,1,0
BRDA:2501,90,0,0
BRDA:2501,90,1,0
BRDA:2528,91,0,0
BRDA:2528,91,1,0
BRDA:2555,92,0,0
BRDA:2555,92,1,0
BRDA:2582,93,0,0
BRDA:2582,93,1,0
BRDA:2609,94,0,0
BRDA:2609,94,1,0
BRDA:2636,95,0,0
BRDA:2636,95,1,0
BRDA:2663,96,0,0
BRDA:2663,96,1,0
BRDA:2690,97,0,0
BRDA:2690,97,1,0
BRDA:2717,98,0,0
BRDA:2717,98,1,0
BRDA:2744,99,0,0
BRDA:2744,99,1,0
BRDA:2771,100,0,0
BRDA:2771,100,1,0
BRF:202
BRH:0
end_of_record
TN:
SF:src/views/examples/Login.js
FN:35,(anonymous_0)
FN:49,(anonymous_1)
FN:66,(anonymous_2)
FN:140,(anonymous_3)
FN:149,(anonymous_4)
FNF:5
FNH:0
FNDA:0,(anonymous_0)
FNDA:0,(anonymous_1)
FNDA:0,(anonymous_2)
FNDA:0,(anonymous_3)
FNDA:0,(anonymous_4)
DA:35,0
DA:36,0
DA:49,0
DA:66,0
DA:140,0
DA:149,0
LF:6
LH:0
BRF:0
BRH:0
end_of_record
TN:
SF:src/views/examples/Maps.js
FN:26,(anonymous_0)
FN:28,(anonymous_1)
FN:100,(anonymous_2)
FN:116,(anonymous_3)
FNF:4
FNH:0
FNDA:0,(anonymous_0)
FNDA:0,(anonymous_1)
FNDA:0,(anonymous_2)
FNDA:0,(anonymous_3)
DA:26,0
DA:27,0
DA:28,0
DA:29,0
DA:30,0
DA:31,0
DA:32,0
DA:33,0
DA:34,0
DA:83,0
DA:85,0
DA:93,0
DA:96,0
DA:100,0
DA:101,0
DA:104,0
DA:116,0
DA:117,0
LF:18
LH:0
BRF:0
BRH:0
end_of_record
TN:
SF:src/views/examples/Profile.js
FN:35,(anonymous_0)
FN:47,(anonymous_1)
FN:63,(anonymous_2)
FN:72,(anonymous_3)
FN:121,(anonymous_4)
FN:139,(anonymous_5)
FNF:6
FNH:0
FNDA:0,(anonymous_0)
FNDA:0,(anonymous_1)
FNDA:0,(anonymous_2)
FNDA:0,(anonymous_3)
FNDA:0,(anonymous_4)
FNDA:0,(anonymous_5)
DA:35,0
DA:36,0
DA:47,0
DA:63,0
DA:72,0
DA:121,0
DA:139,0
LF:7
LH:0
BRF:0
BRH:0
end_of_record
TN:
SF:src/views/examples/Register.js
FN:35,(anonymous_0)
FN:49,(anonymous_1)
FN:66,(anonymous_2)
FN:144,(anonymous_3)
FNF:4
FNH:0
FNDA:0,(anonymous_0)
FNDA:0,(anonymous_1)
FNDA:0,(anonymous_2)
FNDA:0,(anonymous_3)
DA:35,0
DA:36,0
DA:49,0
DA:66,0
DA:144,0
LF:5
LH:0
BRF:0
BRH:0
end_of_record
TN:
SF:src/views/examples/Tables.js
FN:41,(anonymous_0)
FN:72,(anonymous_1)
FN:99,(anonymous_2)
FN:117,(anonymous_3)
FN:135,(anonymous_4)
FN:153,(anonymous_5)
FN:189,(anonymous_6)
FN:196,(anonymous_7)
FN:202,(anonymous_8)
FN:208,(anonymous_9)
FN:222,(anonymous_10)
FN:249,(anonymous_11)
FN:267,(anonymous_12)
FN:285,(anonymous_13)
FN:303,(anonymous_14)
FN:339,(anonymous_15)
FN:346,(anonymous_16)
FN:352,(anonymous_17)
FN:358,(anonymous_18)
FN:372,(anonymous_19)
FN:397,(anonymous_20)
FN:415,(anonymous_21)
FN:433,(anonymous_22)
FN:451,(anonymous_23)
FN:487,(anonymous_24)
FN:494,(anonymous_25)
FN:500,(anonymous_26)
FN:506,(anonymous_27)
FN:520,(anonymous_28)
FN:547,(anonymous_29)
FN:565,(anonymous_30)
FN:583,(anonymous_31)
FN:601,(anonymous_32)
FN:637,(anonymous_33)
FN:644,(anonymous_34)
FN:650,(anonymous_35)
FN:656,(anonymous_36)
FN:670,(anonymous_37)
FN:697,(anonymous_38)
FN:715,(anonymous_39)
FN:733,(anonymous_40)
FN:751,(anonymous_41)
FN:787,(anonymous_42)
FN:794,(anonymous_43)
FN:800,(anonymous_44)
FN:806,(anonymous_45)
FN:825,(anonymous_46)
FN:835,(anonymous_47)
FN:843,(anonymous_48)
FN:851,(anonymous_49)
FN:859,(anonymous_50)
FN:899,(anonymous_51)
FN:926,(anonymous_52)
FN:944,(anonymous_53)
FN:962,(anonymous_54)
FN:980,(anonymous_55)
FN:1016,(anonymous_56)
FN:1023,(anonymous_57)
FN:1029,(anonymous_58)
FN:1035,(anonymous_59)
FN:1049,(anonymous_60)
FN:1076,(anonymous_61)
FN:1094,(anonymous_62)
FN:1109,(anonymous_63)
FN:1127,(anonymous_64)
FN:1163,(anonymous_65)
FN:1170,(anonymous_66)
FN:1176,(anonymous_67)
FN:1182,(anonymous_68)
FN:1196,(anonymous_69)
FN:1221,(anonymous_70)
FN:1239,(anonymous_71)
FN:1257,(anonymous_72)
FN:1275,(anonymous_73)
FN:1311,(anonymous_74)
FN:1318,(anonymous_75)
FN:1324,(anonymous_76)
FN:1330,(anonymous_77)
FN:1344,(anonymous_78)
FN:1371,(anonymous_79)
FN:1389,(anonymous_80)
FN:1407,(anonymous_81)
FN:1425,(anonymous_82)
FN:1461,(anonymous_83)
FN:1468,(anonymous_84)
FN:1474,(anonymous_85)
FN:1480,(anonymous_86)
FN:1494,(anonymous_87)
FN:1521,(anonymous_88)
FN:1539,(anonymous_89)
FN:1557,(anonymous_90)
FN:1575,(anonymous_91)
FN:1611,(anonymous_92)
FN:1618,(anonymous_93)
FN:1624,(anonymous_94)
FN:1630,(anonymous_95)
FNF:96
FNH:0
FNDA:0,(anonymous_0)
FNDA:0,(anonymous_1)
FNDA:0,(anonymous_2)
FNDA:0,(anonymous_3)
FNDA:0,(anonymous_4)
FNDA:0,(anonymous_5)
FNDA:0,(anonymous_6)
FNDA:0,(anonymous_7)
FNDA:0,(anonymous_8)
FNDA:0,(anonymous_9)
FNDA:0,(anonymous_10)
FNDA:0,(anonymous_11)
FNDA:0,(anonymous_12)
FNDA:0,(anonymous_13)
FNDA:0,(anonymous_14)
FNDA:0,(anonymous_15)
FNDA:0,(anonymous_16)
FNDA:0,(anonymous_17)
FNDA:0,(anonymous_18)
FNDA:0,(anonymous_19)
FNDA:0,(anonymous_20)
FNDA:0,(anonymous_21)
FNDA:0,(anonymous_22)
FNDA:0,(anonymous_23)
FNDA:0,(anonymous_24)
FNDA:0,(anonymous_25)
FNDA:0,(anonymous_26)
FNDA:0,(anonymous_27)
FNDA:0,(anonymous_28)
FNDA:0,(anonymous_29)
FNDA:0,(anonymous_30)
FNDA:0,(anonymous_31)
FNDA:0,(anonymous_32)
FNDA:0,(anonymous_33)
FNDA:0,(anonymous_34)
FNDA:0,(anonymous_35)
FNDA:0,(anonymous_36)
FNDA:0,(anonymous_37)
FNDA:0,(anonymous_38)
FNDA:0,(anonymous_39)
FNDA:0,(anonymous_40)
FNDA:0,(anonymous_41)
FNDA:0,(anonymous_42)
FNDA:0,(anonymous_43)
FNDA:0,(anonymous_44)
FNDA:0,(anonymous_45)
FNDA:0,(anonymous_46)
FNDA:0,(anonymous_47)
FNDA:0,(anonymous_48)
FNDA:0,(anonymous_49)
FNDA:0,(anonymous_50)
FNDA:0,(anonymous_51)
FNDA:0,(anonymous_52)
FNDA:0,(anonymous_53)
FNDA:0,(anonymous_54)
FNDA:0,(anonymous_55)
FNDA:0,(anonymous_56)
FNDA:0,(anonymous_57)
FNDA:0,(anonymous_58)
FNDA:0,(anonymous_59)
FNDA:0,(anonymous_60)
FNDA:0,(anonymous_61)
FNDA:0,(anonymous_62)
FNDA:0,(anonymous_63)
FNDA:0,(anonymous_64)
FNDA:0,(anonymous_65)
FNDA:0,(anonymous_66)
FNDA:0,(anonymous_67)
FNDA:0,(anonymous_68)
FNDA:0,(anonymous_69)
FNDA:0,(anonymous_70)
FNDA:0,(anonymous_71)
FNDA:0,(anonymous_72)
FNDA:0,(anonymous_73)
FNDA:0,(anonymous_74)
FNDA:0,(anonymous_75)
FNDA:0,(anonymous_76)
FNDA:0,(anonymous_77)
FNDA:0,(anonymous_78)
FNDA:0,(anonymous_79)
FNDA:0,(anonymous_80)
FNDA:0,(anonymous_81)
FNDA:0,(anonymous_82)
FNDA:0,(anonymous_83)
FNDA:0,(anonymous_84)
FNDA:0,(anonymous_85)
FNDA:0,(anonymous_86)
FNDA:0,(anonymous_87)
FNDA:0,(anonymous_88)
FNDA:0,(anonymous_89)
FNDA:0,(anonymous_90)
FNDA:0,(anonymous_91)
FNDA:0,(anonymous_92)
FNDA:0,(anonymous_93)
FNDA:0,(anonymous_94)
FNDA:0,(anonymous_95)
DA:41,0
DA:42,0
DA:72,0
DA:99,0
DA:117,0
DA:135,0
DA:153,0
DA:189,0
DA:196,0
DA:202,0
DA:208,0
DA:222,0
DA:249,0
DA:267,0
DA:285,0
DA:303,0
DA:339,0
DA:346,0
DA:352,0
DA:358,0
DA:372,0
DA:397,0
DA:415,0
DA:433,0
DA:451,0
DA:487,0
DA:494,0
DA:500,0
DA:506,0
DA:520,0
DA:547,0
DA:565,0
DA:583,0
DA:601,0
DA:637,0
DA:644,0
DA:650,0
DA:656,0
DA:670,0
DA:697,0
DA:715,0
DA:733,0
DA:751,0
DA:787,0
DA:794,0
DA:800,0
DA:806,0
DA:825,0
DA:835,0
DA:843,0
DA:851,0
DA:859,0
DA:899,0
DA:926,0
DA:944,0
DA:962,0
DA:980,0
DA:1016,0
DA:1023,0
DA:1029,0
DA:1035,0
DA:1049,0
DA:1076,0
DA:1094,0
DA:1109,0
DA:1127,0
DA:1163,0
DA:1170,0
DA:1176,0
DA:1182,0
DA:1196,0
DA:1221,0
DA:1239,0
DA:1257,0
DA:1275,0
DA:1311,0
DA:1318,0
DA:1324,0
DA:1330,0
DA:1344,0
DA:1371,0
DA:1389,0
DA:1407,0
DA:1425,0
DA:1461,0
DA:1468,0
DA:1474,0
DA:1480,0
DA:1494,0
DA:1521,0
DA:1539,0
DA:1557,0
DA:1575,0
DA:1611,0
DA:1618,0
DA:1624,0
DA:1630,0
LF:97
LH:0
BRF:0
BRH:0
end_of_record
